<?xml version="1.0" encoding="UTF-8"?>
<testsuite xmlns:xsi="http://www.w3.org/2001/XMLSchema-instance" xsi:noNamespaceSchemaLocation="https://maven.apache.org/surefire/maven-surefire-plugin/xsd/surefire-test-report-3.0.xsd" version="3.0" name="com.threatmgmt.controller.IncidentControllerTest" time="3.256" tests="7" errors="0" skipped="0" failures="0">
  <properties>
[...]
</properties>
  <testcase name="delete_asAdmin_succeeds" classname="com.threatmgmt.controller.IncidentControllerTest" time="0.15">
    <system-out><![CDATA[16:07:33.391 [main] INFO org.springframework.test.context.support.AnnotationConfigContextLoaderUtils -- Could not detect default configuration classes for test class [com.threatmgmt.controller.IncidentControllerTest]: IncidentControllerTest does not declare any static, non-private, non-final, nested classes annotated with @Configuration.
16:07:33.523 [main] INFO org.springframework.boot.test.context.SpringBootTestContextBootstrapper -- Found @SpringBootConfiguration com.threatmgmt.ThreatIncidentApplication for test class com.threatmgmt.controller.IncidentControllerTest
16:07:33.583 [main] INFO org.springframework.boot.devtools.restart.RestartApplicationListener -- Restart disabled due to context in which it is running

  .   ____          _            __ _ _
 /\\ / ___'_ __ _ _(_)_ __  __ _ \ \ \ \
( ( )\___ | '_ | '_| | '_ \/ _` | \ \ \ \
 \\/  ___)| |_)| | | | | || (_| |  ) ) ) )
  '  |____| .__|_| |_|_| |_\__, | / / / /
 =========|_|==============|___/=/_/_/_/

 :: Spring Boot ::                (v3.3.5)

2026-05-30T16:07:33.883+05:30  INFO 468 --- [           main] c.t.controller.IncidentControllerTest    : Starting IncidentControllerTest using Java 25.0.1 with PID 468 (started by prana in C:\Users\prana\PG\Projects\threat-incident-management\backend)
2026-05-30T16:07:33.884+05:30 DEBUG 468 --- [           main] c.t.controller.IncidentControllerTest    : Running with Spring Boot v3.3.5, Spring v6.1.14
2026-05-30T16:07:33.884+05:30  INFO 468 --- [           main] c.t.controller.IncidentControllerTest    : No active profile set, falling back to 1 default profile: "default"
2026-05-30T16:07:35.539+05:30  INFO 468 --- [           main] eAuthenticationProviderManagerConfigurer : Global AuthenticationManager configured with AuthenticationProvider bean with name authenticationProvider
2026-05-30T16:07:35.539+05:30  WARN 468 --- [           main] r$InitializeUserDetailsManagerConfigurer : Global AuthenticationManager configured with an AuthenticationProvider bean. UserDetailsService beans will not be used for username/password login. Consider removing the AuthenticationProvider bean. Alternatively, consider using the UserDetailsService in a manually instantiated DaoAuthenticationProvider.
2026-05-30T16:07:35.875+05:30 DEBUG 468 --- [           main] o.s.s.web.DefaultSecurityFilterChain     : Will secure any request with filters: DisableEncodeUrlFilter, WebAsyncManagerIntegrationFilter, SecurityContextHolderFilter, HeaderWriterFilter, CorsFilter, LogoutFilter, JwtFilter, RequestCacheAwareFilter, SecurityContextHolderAwareRequestFilter, AnonymousAuthenticationFilter, SessionManagementFilter, ExceptionTranslationFilter, AuthorizationFilter
2026-05-30T16:07:36.082+05:30 DEBUG 468 --- [           main] com.threatmgmt.security.JwtFilter        : Filter 'jwtFilter' configured for use
2026-05-30T16:07:36.087+05:30  INFO 468 --- [           main] o.s.b.t.m.w.SpringBootMockServletContext : Initializing Spring TestDispatcherServlet ''
2026-05-30T16:07:36.088+05:30  INFO 468 --- [           main] o.s.t.web.servlet.TestDispatcherServlet  : Initializing Servlet ''
2026-05-30T16:07:36.089+05:30  INFO 468 --- [           main] o.s.t.web.servlet.TestDispatcherServlet  : Completed initialization in 1 ms
2026-05-30T16:07:36.112+05:30  INFO 468 --- [           main] c.t.controller.IncidentControllerTest    : Started IncidentControllerTest in 2.536 seconds (process running for 3.279)
2026-05-30T16:07:36.179+05:30 DEBUG 468 --- [           main] o.s.security.web.FilterChainProxy        : Securing DELETE /api/v1/incidents/test-id-1
2026-05-30T16:07:36.186+05:30 DEBUG 468 --- [           main] o.s.security.web.FilterChainProxy        : Secured DELETE /api/v1/incidents/test-id-1
2026-05-30T16:07:36.212+05:30 DEBUG 468 --- [           main] horizationManagerBeforeMethodInterceptor : Authorizing method invocation ReflectiveMethodInvocation: public org.springframework.http.ResponseEntity com.threatmgmt.controller.IncidentController.delete(java.lang.String); target is of class [com.threatmgmt.controller.IncidentController]
2026-05-30T16:07:36.234+05:30 DEBUG 468 --- [           main] horizationManagerBeforeMethodInterceptor : Authorized method invocation ReflectiveMethodInvocation: public org.springframework.http.ResponseEntity com.threatmgmt.controller.IncidentController.delete(java.lang.String); target is of class [com.threatmgmt.controller.IncidentController]
]]></system-out>
    <system-err><![CDATA[WARNING: A Java agent has been loaded dynamically (C:\Users\prana\.m2\repository\net\bytebuddy\byte-buddy-agent\1.16.1\byte-buddy-agent-1.16.1.jar)
WARNING: If a serviceability tool is in use, please run with -XX:+EnableDynamicAgentLoading to hide this warning
WARNING: If a serviceability tool is not in use, please run with -Djdk.instrument.traceUsage for more information
WARNING: Dynamic loading of agents will be disallowed by default in a future release
]]></system-err>
  </testcase>
  <testcase name="search_returnsResults" classname="com.threatmgmt.controller.IncidentControllerTest" time="0.098">
    <system-out><![CDATA[2026-05-30T16:07:36.289+05:30 DEBUG 468 --- [           main] o.s.security.web.FilterChainProxy        : Securing GET /api/v1/incidents/search
2026-05-30T16:07:36.290+05:30 DEBUG 468 --- [           main] o.s.security.web.FilterChainProxy        : Secured GET /api/v1/incidents/search
]]></system-out>
  </testcase>
  <testcase name="createIncident_returnsCreated" classname="com.threatmgmt.controller.IncidentControllerTest" time="0.109">
    <system-out><![CDATA[2026-05-30T16:07:36.394+05:30 DEBUG 468 --- [           main] o.s.security.web.FilterChainProxy        : Securing POST /api/v1/incidents
2026-05-30T16:07:36.394+05:30 DEBUG 468 --- [           main] o.s.security.web.FilterChainProxy        : Secured POST /api/v1/incidents
2026-05-30T16:07:36.482+05:30 DEBUG 468 --- [           main] horizationManagerBeforeMethodInterceptor : Authorizing method invocation ReflectiveMethodInvocation: public org.springframework.http.ResponseEntity com.threatmgmt.controller.IncidentController.create(com.threatmgmt.model.Incident,org.springframework.security.core.Authentication); target is of class [com.threatmgmt.controller.IncidentController]
2026-05-30T16:07:36.484+05:30 DEBUG 468 --- [           main] horizationManagerBeforeMethodInterceptor : Authorized method invocation ReflectiveMethodInvocation: public org.springframework.http.ResponseEntity com.threatmgmt.controller.IncidentController.create(com.threatmgmt.model.Incident,org.springframework.security.core.Authentication); target is of class [com.threatmgmt.controller.IncidentController]
]]></system-out>
  </testcase>
  <testcase name="updateStatus_asAdmin_succeeds" classname="com.threatmgmt.controller.IncidentControllerTest" time="0.011">
    <system-out><![CDATA[2026-05-30T16:07:36.497+05:30 DEBUG 468 --- [           main] o.s.security.web.FilterChainProxy        : Securing PATCH /api/v1/incidents/test-id-1/status
2026-05-30T16:07:36.497+05:30 DEBUG 468 --- [           main] o.s.security.web.FilterChainProxy        : Secured PATCH /api/v1/incidents/test-id-1/status
2026-05-30T16:07:36.498+05:30 DEBUG 468 --- [           main] horizationManagerBeforeMethodInterceptor : Authorizing method invocation ReflectiveMethodInvocation: public org.springframework.http.ResponseEntity com.threatmgmt.controller.IncidentController.updateStatus(java.lang.String,java.lang.String); target is of class [com.threatmgmt.controller.IncidentController]
2026-05-30T16:07:36.499+05:30 DEBUG 468 --- [           main] horizationManagerBeforeMethodInterceptor : Authorized method invocation ReflectiveMethodInvocation: public org.springframework.http.ResponseEntity com.threatmgmt.controller.IncidentController.updateStatus(java.lang.String,java.lang.String); target is of class [com.threatmgmt.controller.IncidentController]
]]></system-out>
  </testcase>
  <testcase name="getAll_returnsList" classname="com.threatmgmt.controller.IncidentControllerTest" time="0.007">
    <system-out><![CDATA[2026-05-30T16:07:36.508+05:30 DEBUG 468 --- [           main] o.s.security.web.FilterChainProxy        : Securing GET /api/v1/incidents
2026-05-30T16:07:36.508+05:30 DEBUG 468 --- [           main] o.s.security.web.FilterChainProxy        : Secured GET /api/v1/incidents
]]></system-out>
  </testcase>
  <testcase name="updateStatus_asAnalyst_forbidden" classname="com.threatmgmt.controller.IncidentControllerTest" time="0.008">
    <system-out><![CDATA[2026-05-30T16:07:36.517+05:30 DEBUG 468 --- [           main] o.s.security.web.FilterChainProxy        : Securing PATCH /api/v1/incidents/test-id-1/status
2026-05-30T16:07:36.518+05:30 DEBUG 468 --- [           main] o.s.s.w.access.AccessDeniedHandlerImpl   : Responding with 403 status code
]]></system-out>
  </testcase>
  <testcase name="getById_returnsIncident" classname="com.threatmgmt.controller.IncidentControllerTest" time="0.008">
    <system-out><![CDATA[2026-05-30T16:07:36.527+05:30 DEBUG 468 --- [           main] o.s.security.web.FilterChainProxy        : Securing GET /api/v1/incidents/test-id-1
2026-05-30T16:07:36.528+05:30 DEBUG 468 --- [           main] o.s.security.web.FilterChainProxy        : Secured GET /api/v1/incidents/test-id-1
]]></system-out>
  </testcase>
</testsuite>